#
# A fatal error has been detected by the Java Runtime Environment:
#
#  EXCEPTION_ACCESS_VIOLATION (0xc0000005) at pc=0x000000005cc0186a, pid=3264, tid=5304
#
# JRE version: 6.0_17-b04
# Java VM: Java HotSpot(TM) 64-Bit Server VM (14.3-b01 mixed mode windows-amd64 )
# Problematic frame:
# C  0x000000005cc0186a
#
# If you would like to submit a bug report, please visit:
#   http://java.sun.com/webapps/bugreport/crash.jsp
# The crash happened outside the Java Virtual Machine in native code.
# See problematic frame for where to report the bug.
#

---------------  T H R E A D  ---------------

Current thread (0x000000005c230000):  JavaThread "Main message loop" daemon [_thread_in_native, id=5304, stack(0x00000000fc000000,0x0000000100000000)]

siginfo: ExceptionCode=0xc0000005, reading address 0x0000000000000000

Registers:
EAX=0x000000005fdc80f8, EBX=0x000000005ba00dc0, ECX=0x0000000000000000, EDX=0x000000005feff2c0
ESP=0x00000000fffeee00, EBP=0x0000000080040104, ESI=0x00000000ffff6c08, EDI=0x000000005feff2f8
EIP=0x000000005cc0186a, EFLAGS=0x0000000000010297

Top of Stack: (sp=0x00000000fffeee00)
0x00000000fffeee00:   000000005ba00dc0 0000000080040104
0x00000000fffeee10:   000000005ba00dc0 000000005feff2f8
0x00000000fffeee20:   0000000000000030 0000000078a7aa76
0x00000000fffeee30:   00000000673ce778 0000000078a8897e
0x00000000fffeee40:   000000005c230000 000000005c2301b8
0x00000000fffeee50:   000000005bfa53c0 00000000fffeeea0
0x00000000fffeee60:   000000005c230000 0000000080040104
0x00000000fffeee70:   00000000ffff6e00 0000000000000000
0x00000000fffeee80:   0000000000000000 0000000000000000
0x00000000fffeee90:   000000005feff2f8 00000000ffff6d18
0x00000000fffeeea0:   0000000080040104 00000000778a300a
0x00000000fffeeeb0:   0000000000000000 000000005ba00dc0
0x00000000fffeeec0:   00000000fffeecc0 00000000fffeef38
0x00000000fffeeed0:   0000000000000000 0000000060436dfb
0x00000000fffeeee0:   000000005ba00dc0 0000000080040104
0x00000000fffeeef0:   00000000ffff6d18 000000005feff2f8 

Instructions: (pc=0x000000005cc0186a)
0x000000005cc0185a:   83 c0 08 83 38 02 7f 0d 48 8b 8c 24 90 7d 00 00
0x000000005cc0186a:   48 8b 01 eb 66 83 38 03 75 0e 48 8b 8c 24 90 7d 


Stack: [0x00000000fc000000,0x0000000100000000],  sp=0x00000000fffeee00,  free space=65467k
Native frames: (J=compiled Java code, j=interpreted, Vv=VM code, C=native code)
C  0x000000005cc0186a

Java frames: (J=compiled Java code, j=interpreted, Vv=VM code)
j  com.jniwrapper.Function.invokeCFunc(JJB[BII[II)I+0
J  com.jniwrapper.FunctionCall.a(ZJJJIBLcom/jniwrapper/Parameter;[Lcom/jniwrapper/Parameter;)J
j  com.jniwrapper.FunctionCall.call(JJBLcom/jniwrapper/Parameter;[Lcom/jniwrapper/Parameter;)J+11
j  com.jniwrapper.Function.invoke(Lcom/jniwrapper/Parameter;[Lcom/jniwrapper/Parameter;)J+24
j  com.jniwrapper.Function.invoke(Lcom/jniwrapper/Parameter;Lcom/jniwrapper/Parameter;)J+10
j  com.jniwrapper.win32.MessageLoopThread$LoopThread.run()V+299
v  ~StubRoutines::call_stub

---------------  P R O C E S S  ---------------

Java Threads: ( => current thread )
  0x000000006734e000 JavaThread "Unnamed RequestAggregator Timer" daemon [_thread_blocked, id=4016, stack(0x0000000124000000,0x0000000128000000)]
  0x000000005c22b800 JavaThread "Browser Events Thread" daemon [_thread_blocked, id=736, stack(0x0000000120000000,0x0000000124000000)]
  0x000000005c231000 JavaThread "Image Fetcher 0" daemon [_thread_blocked, id=6384, stack(0x000000011c000000,0x0000000120000000)]
=>0x000000005c230000 JavaThread "Main message loop" daemon [_thread_in_native, id=5304, stack(0x00000000fc000000,0x0000000100000000)]
  0x000000005c232800 JavaThread "FileDecorationCache request queue" daemon [_thread_blocked, id=5788, stack(0x00000000a8000000,0x00000000ac000000)]
  0x000000004a974800 JavaThread "Code Analyzer updating thread" [_thread_blocked, id=1752, stack(0x0000000094000000,0x0000000098000000)]
  0x000000005c22d000 JavaThread "Code Analyzer updating thread" [_thread_blocked, id=4020, stack(0x00000000e4000000,0x00000000e8000000)]
  0x000000005c230800 JavaThread "Active Reference Queue Daemon" daemon [_thread_blocked, id=7096, stack(0x00000000d8000000,0x00000000dc000000)]
  0x000000005c22f000 JavaThread "Timer-2" daemon [_thread_blocked, id=2848, stack(0x00000000d0000000,0x00000000d4000000)]
  0x000000004a97a800 JavaThread "Prefs Updater" daemon [_thread_blocked, id=5592, stack(0x00000000cc000000,0x00000000d0000000)]
  0x000000004a97c800 JavaThread "Timer-1" daemon [_thread_blocked, id=6428, stack(0x0000000104000000,0x0000000108000000)]
  0x000000005c232000 JavaThread "com.jniwrapper.NativeResourceCollector" daemon [_thread_blocked, id=5552, stack(0x0000000100000000,0x0000000104000000)]
  0x000000005c22e800 JavaThread "Swing-Shell" daemon [_thread_blocked, id=2824, stack(0x00000000f4000000,0x00000000f8000000)]
  0x000000005c22d800 JavaThread "ClipboardMonitor Timer" daemon [_thread_blocked, id=1668, stack(0x00000000f0000000,0x00000000f4000000)]
  0x000000005c22c000 JavaThread "Explorer NavigationContext request queue" daemon [_thread_blocked, id=6388, stack(0x00000000e8000000,0x00000000ec000000)]
  0x000000004a97e000 JavaThread "AddressBar directory emptiness poller" daemon [_thread_blocked, id=1680, stack(0x00000000e0000000,0x00000000e4000000)]
  0x000000004a97d800 JavaThread "Explorer Refresh Service 2008977864" daemon [_thread_blocked, id=2284, stack(0x00000000dc000000,0x00000000e0000000)]
  0x000000004a97c000 JavaThread "Thread-4" daemon [_thread_blocked, id=4348, stack(0x00000000d4000000,0x00000000d8000000)]
  0x000000004a97a000 JavaThread "TimerQueue" daemon [_thread_blocked, id=1604, stack(0x00000000c4000000,0x00000000c8000000)]
  0x000000004a977000 JavaThread "Thread-3" daemon [_thread_blocked, id=6984, stack(0x00000000c0000000,0x00000000c4000000)]
  0x000000004a973800 JavaThread "AWT-EventQueue-0" [_thread_blocked, id=3432, stack(0x00000000bc000000,0x00000000c0000000)]
  0x000000004a976000 JavaThread "AWT-Shutdown" [_thread_blocked, id=2976, stack(0x00000000b8000000,0x00000000bc000000)]
  0x000000004a979000 JavaThread "FelixPackageAdmin" daemon [_thread_blocked, id=5036, stack(0x00000000b4000000,0x00000000b8000000)]
  0x000000004a978800 JavaThread "FelixStartLevel" daemon [_thread_blocked, id=7156, stack(0x00000000b0000000,0x00000000b4000000)]
  0x000000004a977800 JavaThread "FelixDispatchQueue" daemon [_thread_blocked, id=1336, stack(0x00000000ac000000,0x00000000b0000000)]
  0x000000004a975800 JavaThread "com.google.common.base.internal.Finalizer" daemon [_thread_blocked, id=2616, stack(0x00000000a0000000,0x00000000a4000000)]
  0x000000004a974000 JavaThread "AWT-Windows" daemon [_thread_in_native, id=5504, stack(0x0000000098000000,0x000000009c000000)]
  0x000000004a972800 JavaThread "Java2D Disposer" daemon [_thread_blocked, id=936, stack(0x0000000090000000,0x0000000094000000)]
  0x000000004a972000 JavaThread "Timer-0" [_thread_blocked, id=6516, stack(0x000000008c000000,0x0000000090000000)]
  0x000000004a971000 JavaThread "EventMgr Dispatcher" daemon [_thread_in_native, id=6512, stack(0x0000000088000000,0x000000008c000000)]
  0x000000004a96f800 JavaThread "Low Memory Detector" daemon [_thread_blocked, id=6924, stack(0x0000000080000000,0x0000000084000000)]
  0x000000004a98b000 JavaThread "CompilerThread1" daemon [_thread_blocked, id=4136, stack(0x000000006b880000,0x000000006f880000)]
  0x000000004a980000 JavaThread "CompilerThread0" daemon [_thread_blocked, id=5580, stack(0x0000000060cb0000,0x0000000064cb0000)]
  0x000000004a96f000 JavaThread "Attach Listener" daemon [_thread_blocked, id=2072, stack(0x0000000056a70000,0x000000005aa70000)]
  0x000000004a91a800 JavaThread "Finalizer" daemon [_thread_blocked, id=872, stack(0x0000000052a70000,0x0000000056a70000)]
  0x000000004a914000 JavaThread "Reference Handler" daemon [_thread_blocked, id=1908, stack(0x000000004ea70000,0x0000000052a70000)]
  0x0000000006466000 JavaThread "main" [_thread_in_native, id=128, stack(0x0000000000030000,0x0000000004030000)]

Other Threads:
  0x000000004a911000 VMThread [stack: 0x000000004aa70000,0x000000004ea70000] [id=2552]
  0x000000004a9e0800 WatcherThread [stack: 0x0000000084000000,0x0000000088000000] [id=6928]

VM state:not at safepoint (normal execution)

VM Mutex/Monitor currently owned by a thread: None

Heap
 PSYoungGen      total 26688K, used 20968K [0x0000000037770000, 0x0000000039c60000, 0x000000003a870000)
  eden space 16640K, 92% used [0x0000000037770000,0x000000003867e828,0x00000000387b0000)
  from space 10048K, 55% used [0x00000000387b0000,0x0000000038d1bab0,0x0000000039180000)
  to   space 9728K, 0% used [0x00000000392e0000,0x00000000392e0000,0x0000000039c60000)
 PSOldGen        total 84288K, used 55527K [0x000000002e470000, 0x00000000336c0000, 0x0000000037770000)
  object space 84288K, 65% used [0x000000002e470000,0x0000000031aa9c00,0x00000000336c0000)
 PSPermGen       total 87744K, used 76327K [0x0000000026470000, 0x000000002ba20000, 0x000000002e470000)
  object space 87744K, 86% used [0x0000000026470000,0x000000002aef9fb8,0x000000002ba20000)

Dynamic libraries:
0x0000000140000000 - 0x0000000140028000 	C:\Program Files\MATLAB\R2013a\bin\win64\MATLAB.exe
0x0000000077aa0000 - 0x0000000077c49000 	C:\windows\SYSTEM32\ntdll.dll
0x0000000077880000 - 0x000000007799f000 	C:\windows\system32\kernel32.dll
0x000007fefdbe0000 - 0x000007fefdc4b000 	C:\windows\system32\KERNELBASE.dll
0x0000000074460000 - 0x0000000074515000 	C:\Program Files\MATLAB\R2013a\bin\win64\libut.dll
0x00000000758a0000 - 0x000000007595f000 	C:\Program Files\MATLAB\R2013a\bin\win64\libmwi18n.dll
0x0000000180000000 - 0x000000018000d000 	C:\Program Files\MATLAB\R2013a\bin\win64\libmwresource_core.dll
0x0000000060c10000 - 0x0000000060ca8000 	C:\Program Files\MATLAB\R2013a\bin\win64\MSVCP100.dll
0x0000000060b30000 - 0x0000000060c02000 	C:\Program Files\MATLAB\R2013a\bin\win64\MSVCR100.dll
0x0000000072720000 - 0x000000007272e000 	C:\Program Files\MATLAB\R2013a\bin\win64\boost_date_time-vc100-mt-1_49.dll
0x000000006a0b0000 - 0x000000006a0dc000 	C:\Program Files\MATLAB\R2013a\bin\win64\boost_filesystem-vc100-mt-1_49.dll
0x0000000072730000 - 0x0000000072739000 	C:\Program Files\MATLAB\R2013a\bin\win64\boost_system-vc100-mt-1_49.dll
0x000007feffbd0000 - 0x000007feffcab000 	C:\windows\system32\ADVAPI32.dll
0x000007feff0c0000 - 0x000007feff15f000 	C:\windows\system32\msvcrt.dll
0x000007feffcb0000 - 0x000007feffccf000 	C:\windows\SYSTEM32\sechost.dll
0x000007fefef90000 - 0x000007feff0bd000 	C:\windows\system32\RPCRT4.dll
0x000000006a080000 - 0x000000006a0a5000 	C:\Program Files\MATLAB\R2013a\bin\win64\LIBEXPAT.dll
0x00000000609a0000 - 0x0000000060b2a000 	C:\Program Files\MATLAB\R2013a\bin\win64\icuin49.dll
0x0000000060860000 - 0x000000006099e000 	C:\Program Files\MATLAB\R2013a\bin\win64\icuuc49.dll
0x000000005ec60000 - 0x000000005fd82000 	C:\Program Files\MATLAB\R2013a\bin\win64\icudt49.dll
0x0000000071e60000 - 0x0000000071e70000 	C:\Program Files\MATLAB\R2013a\bin\win64\icuio49.dll
0x0000000073f70000 - 0x0000000074112000 	C:\Program Files\MATLAB\R2013a\bin\win64\libmwfl.dll
0x000000007a350000 - 0x000000007a737000 	C:\Program Files\MATLAB\R2013a\bin\win64\libmwMATLAB_res.dll
0x0000000060780000 - 0x000000006085f000 	C:\Program Files\MATLAB\R2013a\bin\win64\boost_regex-vc100-mt-1_49.dll
0x00000000779a0000 - 0x0000000077a9a000 	C:\windows\system32\USER32.dll
0x000007feffb60000 - 0x000007feffbc7000 	C:\windows\system32\GDI32.dll
0x000007fefdcb0000 - 0x000007fefdcbe000 	C:\windows\system32\LPK.dll
0x000007feff160000 - 0x000007feff229000 	C:\windows\system32\USP10.dll
0x000000006b860000 - 0x000000006b871000 	C:\Program Files\MATLAB\R2013a\bin\win64\boost_signals-vc100-mt-1_49.dll
0x000000006b020000 - 0x000000006b031000 	C:\Program Files\MATLAB\R2013a\bin\win64\boost_thread-vc100-mt-1_49.dll
0x000007feefef0000 - 0x000007feeff7c000 	C:\Program Files\MATLAB\R2013a\bin\win64\boost_log-vc100-mt-1_49.dll
0x0000000077c70000 - 0x0000000077c77000 	C:\windows\system32\PSAPI.DLL
0x000007feff5a0000 - 0x000007feff5ed000 	C:\windows\system32\WS2_32.dll
0x000007fefeca0000 - 0x000007fefeca8000 	C:\windows\system32\NSI.dll
0x000007fef0340000 - 0x000007fef0373000 	C:\Program Files\MATLAB\R2013a\bin\win64\tbb.dll
0x000007feffb40000 - 0x000007feffb59000 	C:\windows\system32\imagehlp.dll
0x000007fefb6a0000 - 0x000007fefb6cc000 	C:\windows\system32\POWRPROF.dll
0x000007feff5f0000 - 0x000007feff7c7000 	C:\windows\system32\SETUPAPI.dll
0x000007fefdc70000 - 0x000007fefdca6000 	C:\windows\system32\CFGMGR32.dll
0x000007feff230000 - 0x000007feff307000 	C:\windows\system32\OLEAUT32.dll
0x000007feff7d0000 - 0x000007feff9d3000 	C:\windows\system32\ole32.dll
0x000007fefdae0000 - 0x000007fefdafa000 	C:\windows\system32\DEVOBJ.dll
0x0000000004090000 - 0x00000000040b1000 	C:\Program Files\MATLAB\R2013a\bin\win64\libmwmfl_scalar.dll
0x000007fef73e0000 - 0x000007fef7505000 	C:\windows\system32\dbghelp.dll
0x0000000004230000 - 0x000000000455f000 	C:\Program Files\MATLAB\R2013a\bin\win64\libmwservices.dll
0x0000000075a20000 - 0x0000000075b0b000 	C:\Program Files\MATLAB\R2013a\bin\win64\libmx.dll
0x000007fef01b0000 - 0x000007fef01d8000 	C:\Program Files\MATLAB\R2013a\bin\win64\tbbmalloc.dll
0x0000000067050000 - 0x0000000067067000 	C:\Program Files\MATLAB\R2013a\bin\win64\zlib1.dll
0x0000000004560000 - 0x00000000045ae000 	C:\Program Files\MATLAB\R2013a\bin\win64\libmwregexp.dll
0x0000000075f10000 - 0x0000000075f57000 	C:\Program Files\MATLAB\R2013a\bin\win64\mpath.dll
0x000000007b680000 - 0x000000007bc66000 	C:\Program Files\MATLAB\R2013a\bin\win64\mlutil.dll
0x00000000754d0000 - 0x0000000075547000 	C:\Program Files\MATLAB\R2013a\bin\win64\xmlcore.dll
0x0000000060530000 - 0x0000000060771000 	C:\Program Files\MATLAB\R2013a\bin\win64\xerces-c_2_7.dll
0x00000000045c0000 - 0x00000000045e2000 	C:\Program Files\MATLAB\R2013a\bin\win64\libmwMATLAB_settings_res.dll
0x000007fef9690000 - 0x000007fef96a0000 	C:\Program Files\MATLAB\R2013a\bin\win64\boost_iostreams-vc100-mt-1_49.dll
0x000007feefc40000 - 0x000007feefc86000 	C:\Program Files\MATLAB\R2013a\bin\win64\boost_serialization-vc100-mt-1_49.dll
0x000007fefdcc0000 - 0x000007fefea48000 	C:\windows\system32\SHELL32.dll
0x000007feffcd0000 - 0x000007feffd41000 	C:\windows\system32\SHLWAPI.dll
0x00000000045f0000 - 0x00000000045f6000 	C:\Program Files\MATLAB\R2013a\bin\win64\libmwnativedisplay.dll
0x000007fef9a80000 - 0x000007fef9b20000 	C:\windows\WinSxS\amd64_microsoft.windows.common-controls_6595b64144ccf1df_5.82.7601.17514_none_a4d6a923711520a9\COMCTL32.dll
0x000007fefec00000 - 0x000007fefec97000 	C:\windows\system32\COMDLG32.dll
0x000007fefb5f0000 - 0x000007fefb606000 	C:\windows\system32\NETAPI32.dll
0x000007fefb5e0000 - 0x000007fefb5ec000 	C:\windows\system32\netutils.dll
0x000007fefd4b0000 - 0x000007fefd4d3000 	C:\windows\system32\srvcli.dll
0x000007fefb5c0000 - 0x000007fefb5d5000 	C:\windows\system32\wkscli.dll
0x0000000074970000 - 0x0000000074a18000 	C:\Program Files\MATLAB\R2013a\bin\win64\mcr.dll
0x0000000075000000 - 0x00000000753b1000 	C:\Program Files\MATLAB\R2013a\bin\win64\iqm.dll
0x0000000074e80000 - 0x0000000074f30000 	C:\Program Files\MATLAB\R2013a\bin\win64\m_dispatcher.dll
0x0000000004600000 - 0x0000000004e08000 	C:\Program Files\MATLAB\R2013a\bin\win64\m_interpreter.dll
0x0000000004e10000 - 0x0000000004e34000 	C:\Program Files\MATLAB\R2013a\bin\win64\libmex.dll
0x0000000075430000 - 0x00000000754ab000 	C:\Program Files\MATLAB\R2013a\bin\win64\profiler.dll
0x0000000004e40000 - 0x00000000050c3000 	C:\Program Files\MATLAB\R2013a\bin\win64\libmwmathutil.dll
0x0000000079f40000 - 0x0000000079f66000 	C:\Program Files\MATLAB\R2013a\bin\win64\libmwmathrng.dll
0x00000000050d0000 - 0x00000000050e0000 	C:\Program Files\MATLAB\R2013a\bin\win64\libmwmfl_rng.dll
0x0000000074c10000 - 0x0000000074cf8000 	C:\Program Files\MATLAB\R2013a\bin\win64\libmwmathcore.dll
0x0000000076160000 - 0x00000000761c3000 	C:\Program Files\MATLAB\R2013a\bin\win64\libmwspmatrix.dll
0x000000007b0a0000 - 0x000000007b2f6000 	C:\Program Files\MATLAB\R2013a\bin\win64\mcos.dll
0x0000000075ea0000 - 0x0000000075f02000 	C:\Program Files\MATLAB\R2013a\bin\win64\libmwcholmod.dll
0x00000000050f0000 - 0x00000000050fd000 	C:\Program Files\MATLAB\R2013a\bin\win64\libmwamd.dll
0x0000000072370000 - 0x0000000072413000 	C:\windows\WinSxS\amd64_microsoft.vc90.crt_1fc8b3b9a1e18e3b_9.0.30729.6161_none_08e61857a83bc251\MSVCR90.dll
0x0000000005110000 - 0x000000000511c000 	C:\Program Files\MATLAB\R2013a\bin\win64\libmwcolamd.dll
0x000000007a290000 - 0x000000007a2a3000 	C:\Program Files\MATLAB\R2013a\bin\win64\libmwblas.dll
0x000000007a310000 - 0x000000007a325000 	C:\Program Files\MATLAB\R2013a\bin\win64\libmwbinder.dll
0x0000000005130000 - 0x000000000513b000 	C:\Program Files\MATLAB\R2013a\bin\win64\libmwompwrapper.dll
0x0000000075820000 - 0x000000007589e000 	C:\Program Files\MATLAB\R2013a\bin\win64\libmwlapack.dll
0x000000007a1b0000 - 0x000000007a1d0000 	C:\Program Files\MATLAB\R2013a\bin\win64\m_pcodeio.dll
0x0000000079b10000 - 0x0000000079b6c000 	C:\Program Files\MATLAB\R2013a\bin\win64\m_ir.dll
0x0000000078ed0000 - 0x0000000079579000 	C:\Program Files\MATLAB\R2013a\bin\win64\m_parser.dll
0x000000007a2f0000 - 0x000000007a307000 	C:\Program Files\MATLAB\R2013a\bin\win64\ir_xfmr.dll
0x0000000005140000 - 0x0000000005150000 	C:\Program Files\MATLAB\R2013a\bin\win64\mtok.dll
0x000000007a130000 - 0x000000007a158000 	C:\Program Files\MATLAB\R2013a\bin\win64\m_pcodegen.dll
0x0000000079fb0000 - 0x0000000079fdf000 	C:\Program Files\MATLAB\R2013a\bin\win64\libmwbridge.dll
0x0000000074f40000 - 0x0000000074ff6000 	C:\Program Files\MATLAB\R2013a\bin\win64\udd.dll
0x0000000073cc0000 - 0x0000000073e0e000 	C:\Program Files\MATLAB\R2013a\bin\win64\libmwgui.dll
0x000000007a1d0000 - 0x000000007a1f4000 	C:\Program Files\MATLAB\R2013a\bin\win64\graphics_util.dll
0x000007feefa50000 - 0x000007feefb08000 	C:\Program Files\MATLAB\R2013a\bin\win64\libtex_base.dll
0x0000000005150000 - 0x0000000005a93000 	C:\Program Files\MATLAB\R2013a\bin\win64\hg.dll
0x0000000076100000 - 0x000000007615a000 	C:\Program Files\MATLAB\R2013a\bin\win64\libmat.dll
0x0000000072d30000 - 0x0000000072f38000 	C:\Program Files\MATLAB\R2013a\bin\win64\hdf5dll.dll
0x0000000075710000 - 0x00000000757d8000 	C:\Program Files\MATLAB\R2013a\bin\win64\jmi.dll
0x0000000005ab0000 - 0x0000000005abe000 	C:\Program Files\MATLAB\R2013a\bin\win64\nativejava_services.dll
0x0000000005ac0000 - 0x0000000005b00000 	C:\Program Files\MATLAB\R2013a\bin\win64\libmwhardcopy.dll
0x0000000075c70000 - 0x0000000075cce000 	C:\Program Files\MATLAB\R2013a\bin\win64\libuij.dll
0x0000000072f50000 - 0x000000007318f000 	C:\Program Files\MATLAB\R2013a\bin\win64\hgdatatypes.dll
0x0000000005b00000 - 0x0000000005beb000 	C:\Program Files\MATLAB\R2013a\bin\win64\hgutils.dll
0x0000000005bf0000 - 0x0000000005c9e000 	C:\Program Files\MATLAB\R2013a\bin\win64\udd_mi.dll
0x0000000005ca0000 - 0x0000000005cd6000 	C:\Program Files\MATLAB\R2013a\bin\win64\libmwgbtutils.dll
0x0000000005ce0000 - 0x0000000005cf4000 	C:\Program Files\MATLAB\R2013a\bin\win64\libmwgbt.dll
0x0000000005d00000 - 0x0000000005fce000 	C:\Program Files\MATLAB\R2013a\bin\win64\uiw.dll
0x0000000005fd0000 - 0x0000000005fd9000 	C:\Program Files\MATLAB\R2013a\bin\win64\uinone.dll
0x0000000005fe0000 - 0x0000000006006000 	C:\Program Files\MATLAB\R2013a\bin\win64\libmwnativefiledialogs.dll
0x0000000006010000 - 0x000000000601c000 	C:\Program Files\MATLAB\R2013a\bin\win64\libmwplatform_res.dll
0x000007fef94c0000 - 0x000007fef94d8000 	C:\windows\system32\MPR.dll
0x000000005e700000 - 0x000000005ec5d000 	C:\Program Files\MATLAB\R2013a\bin\win64\mfc100.dll
0x000007fefb120000 - 0x000007fefb127000 	C:\windows\system32\MSIMG32.dll
0x000007fef9a00000 - 0x000007fef9a71000 	C:\windows\system32\WINSPOOL.DRV
0x0000000006020000 - 0x000000000603d000 	C:\Program Files\MATLAB\R2013a\bin\win64\mwoles05.DLL
0x0000000006040000 - 0x00000000060ac000 	C:\Program Files\MATLAB\R2013a\bin\win64\comcli.dll
0x0000000067020000 - 0x000000006704b000 	C:\Program Files\MATLAB\R2013a\bin\win64\ATL100.DLL
0x00000000060b0000 - 0x00000000060bc000 	C:\Program Files\MATLAB\R2013a\bin\win64\mlautoregister.dll
0x00000000060c0000 - 0x0000000006216000 	C:\Program Files\MATLAB\R2013a\bin\win64\mvm.dll
0x000007fefeee0000 - 0x000007fefef0e000 	C:\windows\system32\IMM32.DLL
0x000007fefea50000 - 0x000007fefeb59000 	C:\windows\system32\MSCTF.dll
0x000007fefc010000 - 0x000007fefc066000 	C:\windows\system32\UxTheme.dll
0x000007fefbbe0000 - 0x000007fefbbf8000 	C:\windows\system32\dwmapi.dll
0x0000000071bb0000 - 0x0000000071bbd000 	C:\Program Files\MATLAB\R2013a\bin\win64\MFC100ENU.DLL
0x0000000008490000 - 0x00000000084de000 	C:\Program Files\MATLAB\R2013a\bin\win64\MVMLocal.dll
0x0000000078870000 - 0x0000000078ecd000 	C:\Program Files\MATLAB\R2013a\sys\java\jre\win64\jre\bin\server\jvm.dll

VM Arguments:
jvm_args: -XX:PermSize=32m -Xms64m -XX:NewRatio=3 -XX:MaxPermSize=128m -Xmx196m -XX:MaxDirectMemorySize=2147400000 -Dsun.java2d.noddraw=true -Dsun.awt.nopixfmt=true -Xshare:off -Xrs -Dsun.awt.disableMixing=true -Djava.library.path=C:\Program Files\MATLAB\R2013a\bin\win64;C:\Program Files\MATLAB\R2013a\sys\jxbrowser\win64\lib vfprintf abort 
java_command: <unknown>
Launcher Type: generic

Environment Variables:
PATH=C:\OCaml\emacs-23.3\bin;C:\Tcl\bin;C:\OCaml\bin;C:\Program Files\Common Files\Microsoft Shared\Windows Live;C:\Program Files (x86)\Common Files\Microsoft Shared\Windows Live;C:\windows\system32;C:\windows;C:\windows\System32\Wbem;C:\windows\System32\WindowsPowerShell\v1.0\;C:\Program Files\Intel\WiFi\bin\;C:\Program Files\Common Files\Intel\WirelessCommon\;C:\Program Files\Diskeeper Corporation\ExpressCache\;C:\Program Files (x86)\Windows Live\Shared;C:\Program Files\Microsoft\Web Platform Installer\;C:\Program Files (x86)\Microsoft ASP.NET\ASP.NET Web Pages\v1.0\;C:\Program Files (x86)\Windows Kits\8.0\Windows Performance Toolkit\;C:\Program Files\Microsoft SQL Server\110\Tools\Binn\;C:\Program Files\MATLAB\R2013a\runtime\win64;C:\Program Files\MATLAB\R2013a\bin;C:\Ruby193\bin
USERNAME=Samsung
OS=Windows_NT
PROCESSOR_IDENTIFIER=Intel64 Family 6 Model 42 Stepping 7, GenuineIntel



---------------  S Y S T E M  ---------------

OS: Windows 7 Build 7601 Service Pack 1

CPU:total 4 (8 cores per cpu, 2 threads per core) family 6 model 42 stepping 7, cmov, cx8, fxsr, mmx, sse, sse2, sse3, ssse3, sse4.1, sse4.2, ht

Memory: 4k page, physical 4086000k(1583984k free), swap 8170140k(4742968k free)

vm_info: Java HotSpot(TM) 64-Bit Server VM (14.3-b01) for windows-amd64 JRE (1.6.0_17-b04), built on Oct 11 2009 00:46:08 by "java_re" with MS VC++ 8.0

time: Fri Jun 06 11:22:37 2014
elapsed time: 695 seconds

